<?xml version="1.0" encoding="UTF-8"?>
<!-- Generated by org.testng.reporters.JUnitReportReporter -->
<testsuite hostname="bipanakoirala-MBP" failures="0" tests="1" name="com.training.testcases.CaseOneTest" time="4.098" errors="0" timestamp="30 Jul 2023 01:45:57 GMT">
  <testcase classname="com.training.testcases.CaseOneTest" name="loginintoApplicationcaseOne" time="4.098"/>
</testsuite> <!-- com.training.testcases.CaseOneTest -->
