<?xml version="1.0" encoding="UTF-8"?>
<!-- Generated by org.testng.reporters.JUnitReportReporter -->
<testsuite hostname="bipanakoirala-MBP" failures="0" tests="1" name="com.training.testcases.CaseTwoTest" time="7.389" errors="0" timestamp="30 Jul 2023 02:05:44 GMT">
  <testcase classname="com.training.testcases.CaseTwoTest" name="loginintoSaleforce" time="7.389"/>
</testsuite> <!-- com.training.testcases.CaseTwoTest -->
